    ======  ======
    Time:2/1/2023 10:37:34 AM
    Title: Initiate log
    Message: 
    Time:2/1/2023 10:37:34 AM
    Title: Initiate InternalManager
    Message: Trying to Validate License
    Time:2/1/2023 10:37:34 AM
    Title: Requesting EVT
    Message: EVTP
    Time:2/1/2023 10:37:34 AM
    Title: Requesting Validation
    Message: ILMValidate
    Time:2/1/2023 10:37:35 AM
    Title: LICENSER
    Message: FNF
    Time:2/1/2023 10:37:35 AM
    Title: Could not find file 'C:\ProgramData\Telerik\Hash.lic'.
    Message:    at System.IO.__Error.WinIOError(Int32 errorCode, String maybeFullPath)
   at System.IO.FileStream.Init(String path, FileMode mode, FileAccess access, Int32 rights, Boolean useRights, FileShare share, Int32 bufferSize, FileOptions options, SECURITY_ATTRIBUTES secAttrs, String msgPath, Boolean bFromProxy, Boolean useLongPath, Boolean checkHost)
   at System.IO.FileStream..ctor(String path, FileMode mode, FileAccess access, FileShare share)
   at Telerik.Licensing.Licenser.ReadHashPass()
    Time:2/1/2023 10:37:35 AM
    Title: Could not find file 'C:\ProgramData\Telerik\Hash.lic'.
    Message:    at System.IO.__Error.WinIOError(Int32 errorCode, String maybeFullPath)
   at System.IO.FileStream.Init(String path, FileMode mode, FileAccess access, Int32 rights, Boolean useRights, FileShare share, Int32 bufferSize, FileOptions options, SECURITY_ATTRIBUTES secAttrs, String msgPath, Boolean bFromProxy, Boolean useLongPath, Boolean checkHost)
   at System.IO.FileStream..ctor(String path, FileMode mode, FileAccess access, FileShare share)
   at Telerik.Licensing.Licenser.ReadHashPass()
    Entering constructor for: DevExpress.ExpressApp.Design.DynamicPackage.VSPkg
